[30/Nov/2017 12:45:18] "GET / HTTP/1.1" 200 1776
Internal Server Error: /admin/
Traceback (most recent call last):
  File "/home/bigh2000/public_html/v-dkkim/lib/python3.5/site-packages/django/contrib/sessions/backends/base.py", line 202, in _get_session
    return self._session_cache
AttributeError: 'SessionStore' object has no attribute '_session_cache'

During handling of the above exception, another exception occurred:

Traceback (most recent call last):
  File "/home/bigh2000/public_html/v-dkkim/lib/python3.5/site-packages/django/db/backends/utils.py", line 65, in execute
    return self.cursor.execute(sql, params)
  File "/home/bigh2000/public_html/v-dkkim/lib/python3.5/site-packages/django/db/backends/sqlite3/base.py", line 328, in execute
    return Database.Cursor.execute(self, query, params)
sqlite3.OperationalError: no such table: django_session

The above exception was the direct cause of the following exception:

Traceback (most recent call last):
  File "/home/bigh2000/public_html/v-dkkim/lib/python3.5/site-packages/django/core/handlers/exception.py", line 41, in inner
    response = get_response(request)
  File "/home/bigh2000/public_html/v-dkkim/lib/python3.5/site-packages/django/core/handlers/base.py", line 187, in _get_response
    response = self.process_exception_by_middleware(e, request)
  File "/home/bigh2000/public_html/v-dkkim/lib/python3.5/site-packages/django/core/handlers/base.py", line 185, in _get_response
    response = wrapped_callback(request, *callback_args, **callback_kwargs)
  File "/home/bigh2000/public_html/v-dkkim/lib/python3.5/site-packages/django/contrib/admin/sites.py", line 242, in wrapper
    return self.admin_view(view, cacheable)(*args, **kwargs)
  File "/home/bigh2000/public_html/v-dkkim/lib/python3.5/site-packages/django/utils/decorators.py", line 149, in _wrapped_view
    response = view_func(request, *args, **kwargs)
  File "/home/bigh2000/public_html/v-dkkim/lib/python3.5/site-packages/django/views/decorators/cache.py", line 57, in _wrapped_view_func
    response = view_func(request, *args, **kwargs)
  File "/home/bigh2000/public_html/v-dkkim/lib/python3.5/site-packages/django/contrib/admin/sites.py", line 213, in inner
    if not self.has_permission(request):
  File "/home/bigh2000/public_html/v-dkkim/lib/python3.5/site-packages/django/contrib/admin/sites.py", line 187, in has_permission
    return request.user.is_active and request.user.is_staff
  File "/home/bigh2000/public_html/v-dkkim/lib/python3.5/site-packages/django/utils/functional.py", line 238, in inner
    self._setup()
  File "/home/bigh2000/public_html/v-dkkim/lib/python3.5/site-packages/django/utils/functional.py", line 386, in _setup
    self._wrapped = self._setupfunc()
  File "/home/bigh2000/public_html/v-dkkim/lib/python3.5/site-packages/django/contrib/auth/middleware.py", line 24, in <lambda>
    request.user = SimpleLazyObject(lambda: get_user(request))
  File "/home/bigh2000/public_html/v-dkkim/lib/python3.5/site-packages/django/contrib/auth/middleware.py", line 12, in get_user
    request._cached_user = auth.get_user(request)
  File "/home/bigh2000/public_html/v-dkkim/lib/python3.5/site-packages/django/contrib/auth/__init__.py", line 210, in get_user
    user_id = _get_user_session_key(request)
  File "/home/bigh2000/public_html/v-dkkim/lib/python3.5/site-packages/django/contrib/auth/__init__.py", line 61, in _get_user_session_key
    return get_user_model()._meta.pk.to_python(request.session[SESSION_KEY])
  File "/home/bigh2000/public_html/v-dkkim/lib/python3.5/site-packages/django/contrib/sessions/backends/base.py", line 57, in __getitem__
    return self._session[key]
  File "/home/bigh2000/public_html/v-dkkim/lib/python3.5/site-packages/django/contrib/sessions/backends/base.py", line 207, in _get_session
    self._session_cache = self.load()
  File "/home/bigh2000/public_html/v-dkkim/lib/python3.5/site-packages/django/contrib/sessions/backends/db.py", line 35, in load
    expire_date__gt=timezone.now()
  File "/home/bigh2000/public_html/v-dkkim/lib/python3.5/site-packages/django/db/models/manager.py", line 85, in manager_method
    return getattr(self.get_queryset(), name)(*args, **kwargs)
  File "/home/bigh2000/public_html/v-dkkim/lib/python3.5/site-packages/django/db/models/query.py", line 374, in get
    num = len(clone)
  File "/home/bigh2000/public_html/v-dkkim/lib/python3.5/site-packages/django/db/models/query.py", line 232, in __len__
    self._fetch_all()
  File "/home/bigh2000/public_html/v-dkkim/lib/python3.5/site-packages/django/db/models/query.py", line 1118, in _fetch_all
    self._result_cache = list(self._iterable_class(self))
  File "/home/bigh2000/public_html/v-dkkim/lib/python3.5/site-packages/django/db/models/query.py", line 53, in __iter__
    results = compiler.execute_sql(chunked_fetch=self.chunked_fetch)
  File "/home/bigh2000/public_html/v-dkkim/lib/python3.5/site-packages/django/db/models/sql/compiler.py", line 894, in execute_sql
    raise original_exception
  File "/home/bigh2000/public_html/v-dkkim/lib/python3.5/site-packages/django/db/models/sql/compiler.py", line 884, in execute_sql
    cursor.execute(sql, params)
  File "/home/bigh2000/public_html/v-dkkim/lib/python3.5/site-packages/django/db/backends/utils.py", line 80, in execute
    return super(CursorDebugWrapper, self).execute(sql, params)
  File "/home/bigh2000/public_html/v-dkkim/lib/python3.5/site-packages/django/db/backends/utils.py", line 65, in execute
    return self.cursor.execute(sql, params)
  File "/home/bigh2000/public_html/v-dkkim/lib/python3.5/site-packages/django/db/utils.py", line 94, in __exit__
    six.reraise(dj_exc_type, dj_exc_value, traceback)
  File "/home/bigh2000/public_html/v-dkkim/lib/python3.5/site-packages/django/utils/six.py", line 685, in reraise
    raise value.with_traceback(tb)
  File "/home/bigh2000/public_html/v-dkkim/lib/python3.5/site-packages/django/db/backends/utils.py", line 65, in execute
    return self.cursor.execute(sql, params)
  File "/home/bigh2000/public_html/v-dkkim/lib/python3.5/site-packages/django/db/backends/sqlite3/base.py", line 328, in execute
    return Database.Cursor.execute(self, query, params)
django.db.utils.OperationalError: no such table: django_session
[30/Nov/2017 12:45:19] "GET /admin/ HTTP/1.1" 500 192704
[30/Nov/2017 12:45:23] "GET / HTTP/1.1" 200 1776
[30/Nov/2017 12:47:55] "GET /admin/ HTTP/1.1" 302 0
[30/Nov/2017 12:47:55] "GET /admin/login/?next=/admin/ HTTP/1.1" 200 1670
[30/Nov/2017 12:47:55] "GET /static/admin/css/base.css HTTP/1.1" 200 16066
[30/Nov/2017 12:47:55] "GET /static/admin/css/login.css HTTP/1.1" 200 1203
[30/Nov/2017 12:47:55] "GET /static/admin/css/fonts.css HTTP/1.1" 200 423
[30/Nov/2017 12:47:55] "GET /static/admin/fonts/Roboto-Regular-webfont.woff HTTP/1.1" 200 80304
[30/Nov/2017 12:47:55] "GET /static/admin/fonts/Roboto-Light-webfont.woff HTTP/1.1" 200 81348
[30/Nov/2017 12:47:57] "POST /admin/login/?next=/admin/ HTTP/1.1" 302 0
[30/Nov/2017 12:47:58] "GET /admin/ HTTP/1.1" 200 2802
[30/Nov/2017 12:47:58] "GET /static/admin/css/dashboard.css HTTP/1.1" 200 412
[30/Nov/2017 12:47:58] "GET /static/admin/img/icon-addlink.svg HTTP/1.1" 200 331
[30/Nov/2017 12:47:58] "GET /static/admin/img/icon-changelink.svg HTTP/1.1" 200 380
[30/Nov/2017 12:47:58] "GET /static/admin/fonts/Roboto-Bold-webfont.woff HTTP/1.1" 200 82564
Performing system checks...

System check identified no issues (0 silenced).

You have 13 unapplied migration(s). Your project may not work properly until you apply the migrations for app(s): admin, auth, contenttypes, sessions.
Run 'python manage.py migrate' to apply them.
November 30, 2017 - 12:45:12
Django version 1.11.7, using settings 'dkkim.settings'
Starting development server at http://0.0.0.0:33333/
Quit the server with CONTROL-C.
Performing system checks...

System check identified no issues (0 silenced).
November 30, 2017 - 12:48:36
Django version 1.11.7, using settings 'dkkim.settings'
Starting development server at http://0.0.0.0:33333/
Quit the server with CONTROL-C.
Unhandled exception in thread started by <function check_errors.<locals>.wrapper at 0x7f16877feea0>
Traceback (most recent call last):
  File "/home/bigh2000/public_html/v-dkkim/lib/python3.5/site-packages/django/utils/autoreload.py", line 228, in wrapper
    fn(*args, **kwargs)
  File "/home/bigh2000/public_html/v-dkkim/lib/python3.5/site-packages/django/core/management/commands/runserver.py", line 125, in inner_run
    self.check(display_num_errors=True)
  File "/home/bigh2000/public_html/v-dkkim/lib/python3.5/site-packages/django/core/management/base.py", line 359, in check
    include_deployment_checks=include_deployment_checks,
  File "/home/bigh2000/public_html/v-dkkim/lib/python3.5/site-packages/django/core/management/base.py", line 346, in _run_checks
    return checks.run_checks(**kwargs)
  File "/home/bigh2000/public_html/v-dkkim/lib/python3.5/site-packages/django/core/checks/registry.py", line 81, in run_checks
    new_errors = check(app_configs=app_configs)
  File "/home/bigh2000/public_html/v-dkkim/lib/python3.5/site-packages/django/core/checks/urls.py", line 16, in check_url_config
    return check_resolver(resolver)
  File "/home/bigh2000/public_html/v-dkkim/lib/python3.5/site-packages/django/core/checks/urls.py", line 26, in check_resolver
    return check_method()
  File "/home/bigh2000/public_html/v-dkkim/lib/python3.5/site-packages/django/urls/resolvers.py", line 254, in check
    for pattern in self.url_patterns:
  File "/home/bigh2000/public_html/v-dkkim/lib/python3.5/site-packages/django/utils/functional.py", line 35, in __get__
    res = instance.__dict__[self.name] = self.func(instance)
  File "/home/bigh2000/public_html/v-dkkim/lib/python3.5/site-packages/django/urls/resolvers.py", line 405, in url_patterns
    patterns = getattr(self.urlconf_module, "urlpatterns", self.urlconf_module)
  File "/home/bigh2000/public_html/v-dkkim/lib/python3.5/site-packages/django/utils/functional.py", line 35, in __get__
    res = instance.__dict__[self.name] = self.func(instance)
  File "/home/bigh2000/public_html/v-dkkim/lib/python3.5/site-packages/django/urls/resolvers.py", line 398, in urlconf_module
    return import_module(self.urlconf_name)
  File "/home/bigh2000/public_html/v-dkkim/lib/python3.5/importlib/__init__.py", line 126, in import_module
    return _bootstrap._gcd_import(name[level:], package, level)
  File "<frozen importlib._bootstrap>", line 986, in _gcd_import
  File "<frozen importlib._bootstrap>", line 969, in _find_and_load
  File "<frozen importlib._bootstrap>", line 958, in _find_and_load_unlocked
  File "<frozen importlib._bootstrap>", line 673, in _load_unlocked
  File "<frozen importlib._bootstrap_external>", line 665, in exec_module
  File "<frozen importlib._bootstrap>", line 222, in _call_with_frames_removed
  File "/home/bigh2000/public_html/v-dkkim/dkkim/dkkim/urls.py", line 18, in <module>
    from main.views import show_main
ImportError: cannot import name 'show_main'
Performing system checks...

Performing system checks...

System check identified no issues (0 silenced).
November 30, 2017 - 12:52:47
Django version 1.11.7, using settings 'dkkim.settings'
Starting development server at http://0.0.0.0:33333/
Quit the server with CONTROL-C.
[30/Nov/2017 12:56:20] "GET / HTTP/1.1" 200 14
Performing system checks...

System check identified no issues (0 silenced).
November 30, 2017 - 12:55:27
Django version 1.11.7, using settings 'dkkim.settings'
Starting development server at http://0.0.0.0:33333/
Quit the server with CONTROL-C.
[30/Nov/2017 13:02:29] "GET / HTTP/1.1" 200 9383
Not Found: /vendor/bootstrap/css/bootstrap.min.css
[30/Nov/2017 13:02:29] "GET /vendor/bootstrap/css/bootstrap.min.css HTTP/1.1" 404 2172
Not Found: /vendor/font-awesome/css/font-awesome.min.css
Not Found: /vendor/simple-line-icons/css/simple-line-icons.css
[30/Nov/2017 13:02:29] "GET /vendor/font-awesome/css/font-awesome.min.css HTTP/1.1" 404 2190
[30/Nov/2017 13:02:29] "GET /vendor/simple-line-icons/css/simple-line-icons.css HTTP/1.1" 404 2208
Not Found: /css/landing-page.min.css
[30/Nov/2017 13:02:29] "GET /css/landing-page.min.css HTTP/1.1" 404 2130
Not Found: /vendor/jquery/jquery.min.js
[30/Nov/2017 13:02:29] "GET /vendor/jquery/jquery.min.js HTTP/1.1" 404 2139
Not Found: /vendor/bootstrap/js/bootstrap.bundle.min.js
[30/Nov/2017 13:02:29] "GET /vendor/bootstrap/js/bootstrap.bundle.min.js HTTP/1.1" 404 2187
Not Found: /img/testimonials-2.jpg
Not Found: /img/testimonials-1.jpg
[30/Nov/2017 13:02:29] "GET /img/testimonials-2.jpg HTTP/1.1" 404 2124
Not Found: /img/testimonials-3.jpg
[30/Nov/2017 13:02:29] "GET /img/testimonials-1.jpg HTTP/1.1" 404 2124
Not Found: /img/bg-showcase-1.jpg
[30/Nov/2017 13:02:29] "GET /img/testimonials-3.jpg HTTP/1.1" 404 2124
[30/Nov/2017 13:02:29] "GET /img/bg-showcase-1.jpg HTTP/1.1" 404 2121
Not Found: /img/bg-showcase-3.jpg
[30/Nov/2017 13:02:29] "GET /img/bg-showcase-3.jpg HTTP/1.1" 404 2121
Not Found: /img/bg-showcase-2.jpg
[30/Nov/2017 13:02:29] "GET /img/bg-showcase-2.jpg HTTP/1.1" 404 2121
[30/Nov/2017 13:03:35] "GET / HTTP/1.1" 200 9384
Not Found: /vendor/font-awesome/css/font-awesome.min.css
Not Found: /vendor/bootstrap/css/bootstrap.min.css
Not Found: /vendor/simple-line-icons/css/simple-line-icons.css
[30/Nov/2017 13:03:35] "GET /vendor/font-awesome/css/font-awesome.min.css HTTP/1.1" 404 2190
Not Found: /css/landing-page.min.css
[30/Nov/2017 13:03:35] "GET /vendor/simple-line-icons/css/simple-line-icons.css HTTP/1.1" 404 2208
[30/Nov/2017 13:03:35] "GET /vendor/bootstrap/css/bootstrap.min.css HTTP/1.1" 404 2172
[30/Nov/2017 13:03:35] "GET /css/landing-page.min.css HTTP/1.1" 404 2130
Not Found: /vendor/jquery/jquery.min.js
[30/Nov/2017 13:03:35] "GET /vendor/jquery/jquery.min.js HTTP/1.1" 404 2139
Not Found: /img/testimonials-1.jpg
Not Found: /vendor/bootstrap/js/bootstrap.bundle.min.js
[30/Nov/2017 13:03:35] "GET /img/testimonials-1.jpg HTTP/1.1" 404 2124
Not Found: /img/testimonials-2.jpg
Not Found: /img/testimonials-3.jpg
[30/Nov/2017 13:03:35] "GET /vendor/bootstrap/js/bootstrap.bundle.min.js HTTP/1.1" 404 2187
[30/Nov/2017 13:03:35] "GET /img/testimonials-2.jpg HTTP/1.1" 404 2124
[30/Nov/2017 13:03:35] "GET /img/testimonials-3.jpg HTTP/1.1" 404 2124
Not Found: /img/bg-showcase-2.jpg
Not Found: /img/bg-showcase-3.jpg
[30/Nov/2017 13:03:35] "GET /img/bg-showcase-2.jpg HTTP/1.1" 404 2121
Not Found: /img/bg-showcase-1.jpg
[30/Nov/2017 13:03:35] "GET /img/bg-showcase-3.jpg HTTP/1.1" 404 2121
[30/Nov/2017 13:03:35] "GET /img/bg-showcase-1.jpg HTTP/1.1" 404 2121
[30/Nov/2017 13:04:26] "GET / HTTP/1.1" 200 9441
[30/Nov/2017 13:04:26] "GET /static/vendor/bootstrap/css/bootstrap.min.css HTTP/1.1" 404 1737
[30/Nov/2017 13:04:26] "GET /static/vendor/simple-line-icons/css/simple-line-icons.css HTTP/1.1" 404 1773
[30/Nov/2017 13:04:26] "GET /static/https%3A/fonts.googleapis.com/css%3Ffamily%3DLato%3A300%2C400%2C700%2C300italic%2C400italic%2C700italic HTTP/1.1" 404 1882
[30/Nov/2017 13:04:26] "GET /static/css/landing-page.min.css HTTP/1.1" 404 1695
[30/Nov/2017 13:04:26] "GET /static/vendor/font-awesome/css/font-awesome.min.css HTTP/1.1" 404 1755
Not Found: /vendor/jquery/jquery.min.js
[30/Nov/2017 13:04:26] "GET /vendor/jquery/jquery.min.js HTTP/1.1" 404 2139
Not Found: /vendor/bootstrap/js/bootstrap.bundle.min.js
[30/Nov/2017 13:04:26] "GET /vendor/bootstrap/js/bootstrap.bundle.min.js HTTP/1.1" 404 2187
Not Found: /img/testimonials-1.jpg
Not Found: /img/testimonials-2.jpg
[30/Nov/2017 13:04:26] "GET /img/testimonials-1.jpg HTTP/1.1" 404 2124
Not Found: /img/testimonials-3.jpg
[30/Nov/2017 13:04:26] "GET /img/testimonials-2.jpg HTTP/1.1" 404 2124
[30/Nov/2017 13:04:26] "GET /img/testimonials-3.jpg HTTP/1.1" 404 2124
Not Found: /img/bg-showcase-2.jpg
Not Found: /img/bg-showcase-3.jpg
[30/Nov/2017 13:04:26] "GET /img/bg-showcase-2.jpg HTTP/1.1" 404 2121
Not Found: /img/bg-showcase-1.jpg
[30/Nov/2017 13:04:26] "GET /img/bg-showcase-3.jpg HTTP/1.1" 404 2121
[30/Nov/2017 13:04:26] "GET /img/bg-showcase-1.jpg HTTP/1.1" 404 2121
Performing system checks...

System check identified no issues (0 silenced).
November 30, 2017 - 13:00:32
Django version 1.11.7, using settings 'dkkim.settings'
Starting development server at http://0.0.0.0:33333/
Quit the server with CONTROL-C.
[30/Nov/2017 13:08:06] "GET / HTTP/1.1" 200 9441
[30/Nov/2017 13:08:06] "GET /static/css/landing-page.min.css HTTP/1.1" 200 2061
[30/Nov/2017 13:08:06] "GET /static/vendor/simple-line-icons/css/simple-line-icons.css HTTP/1.1" 200 12958
[30/Nov/2017 13:08:06] "GET /static/https%3A/fonts.googleapis.com/css%3Ffamily%3DLato%3A300%2C400%2C700%2C300italic%2C400italic%2C700italic HTTP/1.1" 404 1882
[30/Nov/2017 13:08:06] "GET /static/vendor/font-awesome/css/font-awesome.min.css HTTP/1.1" 200 31000
[30/Nov/2017 13:08:06] "GET /static/vendor/bootstrap/css/bootstrap.min.css HTTP/1.1" 200 127343
Not Found: /vendor/jquery/jquery.min.js
[30/Nov/2017 13:08:06] "GET /vendor/jquery/jquery.min.js HTTP/1.1" 404 2139
Not Found: /img/testimonials-1.jpg
[30/Nov/2017 13:08:06] "GET /img/testimonials-1.jpg HTTP/1.1" 404 2124
Not Found: /vendor/bootstrap/js/bootstrap.bundle.min.js
Not Found: /img/testimonials-2.jpg
[30/Nov/2017 13:08:06] "GET /img/testimonials-2.jpg HTTP/1.1" 404 2124
[30/Nov/2017 13:08:06] "GET /vendor/bootstrap/js/bootstrap.bundle.min.js HTTP/1.1" 404 2187
Not Found: /img/testimonials-3.jpg
[30/Nov/2017 13:08:06] "GET /img/testimonials-3.jpg HTTP/1.1" 404 2124
Not Found: /img/bg-showcase-3.jpg
Not Found: /img/bg-showcase-2.jpg
[30/Nov/2017 13:08:06] "GET /img/bg-showcase-3.jpg HTTP/1.1" 404 2121
Not Found: /img/bg-showcase-1.jpg
[30/Nov/2017 13:08:06] "GET /static/vendor/simple-line-icons/fonts/Simple-Line-Icons.woff2?v=2.4.0 HTTP/1.1" 200 30064
[30/Nov/2017 13:08:06] "GET /img/bg-showcase-2.jpg HTTP/1.1" 404 2121
[30/Nov/2017 13:08:06] "GET /img/bg-showcase-1.jpg HTTP/1.1" 404 2121
[30/Nov/2017 13:08:06] "GET /static/vendor/font-awesome/fonts/fontawesome-webfont.woff2?v=4.7.0 HTTP/1.1" 200 77160
[30/Nov/2017 13:08:06] "GET /static/img/bg-masthead.jpg HTTP/1.1" 200 961157
[30/Nov/2017 13:09:08] "GET / HTTP/1.1" 200 9457
[30/Nov/2017 13:09:08] "GET /static/vendor/simple-line-icons/css/simple-line-icons.css HTTP/1.1" 304 0
[30/Nov/2017 13:09:08] "GET /static/css/landing-page.min.css HTTP/1.1" 304 0
[30/Nov/2017 13:09:08] "GET /static/https%3A/fonts.googleapis.com/css%3Ffamily%3DLato%3A300%2C400%2C700%2C300italic%2C400italic%2C700italic HTTP/1.1" 404 1882
[30/Nov/2017 13:09:08] "GET /static/vendor/font-awesome/css/font-awesome.min.css HTTP/1.1" 304 0
[30/Nov/2017 13:09:08] "GET /static/vendor/bootstrap/css/bootstrap.min.css HTTP/1.1" 304 0
Not Found: /img/testimonials-1.jpg
[30/Nov/2017 13:09:08] "GET /img/testimonials-1.jpg HTTP/1.1" 404 2124
Not Found: /img/testimonials-2.jpg
[30/Nov/2017 13:09:08] "GET /img/testimonials-2.jpg HTTP/1.1" 404 2124
Not Found: /img/testimonials-3.jpg
[30/Nov/2017 13:09:08] "GET /img/testimonials-3.jpg HTTP/1.1" 404 2124
[30/Nov/2017 13:09:08] "GET /static/vendor/jquery/jquery.min.js HTTP/1.1" 200 86659
[30/Nov/2017 13:09:08] "GET /static/vendor/bootstrap/js/bootstrap.bundle.min.js HTTP/1.1" 200 69453
[30/Nov/2017 13:09:08] "GET /static/vendor/font-awesome/fonts/fontawesome-webfont.woff2?v=4.7.0 HTTP/1.1" 304 0
[30/Nov/2017 13:09:08] "GET /static/vendor/simple-line-icons/fonts/Simple-Line-Icons.woff2?v=2.4.0 HTTP/1.1" 304 0
[30/Nov/2017 13:09:08] "GET /static/img/bg-masthead.jpg HTTP/1.1" 304 0
Not Found: /img/bg-showcase-1.jpg
Not Found: /img/bg-showcase-2.jpg
[30/Nov/2017 13:09:08] "GET /img/bg-showcase-1.jpg HTTP/1.1" 404 2121
[30/Nov/2017 13:09:08] "GET /img/bg-showcase-2.jpg HTTP/1.1" 404 2121
Not Found: /img/bg-showcase-3.jpg
[30/Nov/2017 13:09:08] "GET /img/bg-showcase-3.jpg HTTP/1.1" 404 2121
[30/Nov/2017 13:10:57] "GET / HTTP/1.1" 200 9505
[30/Nov/2017 13:10:57] "GET /static/vendor/bootstrap/css/bootstrap.min.css HTTP/1.1" 304 0
[30/Nov/2017 13:10:57] "GET /static/vendor/font-awesome/css/font-awesome.min.css HTTP/1.1" 304 0
[30/Nov/2017 13:10:57] "GET /static/css/landing-page.min.css HTTP/1.1" 304 0
[30/Nov/2017 13:10:57] "GET /static/https%3A/fonts.googleapis.com/css%3Ffamily%3DLato%3A300%2C400%2C700%2C300italic%2C400italic%2C700italic HTTP/1.1" 404 1882
[30/Nov/2017 13:10:57] "GET /static/vendor/simple-line-icons/css/simple-line-icons.css HTTP/1.1" 304 0
[30/Nov/2017 13:10:57] "GET /static/vendor/jquery/jquery.min.js HTTP/1.1" 304 0
[30/Nov/2017 13:10:57] "GET /static/vendor/bootstrap/js/bootstrap.bundle.min.js HTTP/1.1" 304 0
[30/Nov/2017 13:10:57] "GET /static/img/testimonials-1.jpg HTTP/1.1" 200 136643
[30/Nov/2017 13:10:57] "GET /static/img/testimonials-2.jpg HTTP/1.1" 200 193507
[30/Nov/2017 13:10:57] "GET /static/img/testimonials-3.jpg HTTP/1.1" 200 250262
[30/Nov/2017 13:10:57] "GET /static/vendor/simple-line-icons/fonts/Simple-Line-Icons.woff2?v=2.4.0 HTTP/1.1" 304 0
[30/Nov/2017 13:10:57] "GET /static/vendor/font-awesome/fonts/fontawesome-webfont.woff2?v=4.7.0 HTTP/1.1" 304 0
[30/Nov/2017 13:10:57] "GET /static/img/bg-masthead.jpg HTTP/1.1" 304 0
[30/Nov/2017 13:10:57] "GET /static/img/bg-showcase-2.jpg HTTP/1.1" 200 197349
[30/Nov/2017 13:10:57] "GET /static/img/bg-showcase-1.jpg HTTP/1.1" 200 304839
[30/Nov/2017 13:10:57] "GET /static/img/bg-showcase-3.jpg HTTP/1.1" 200 314857
[30/Nov/2017 13:15:09] "GET / HTTP/1.1" 200 9669
[30/Nov/2017 13:15:10] "GET /static/vendor/bootstrap/css/bootstrap.min.css HTTP/1.1" 304 0
[30/Nov/2017 13:15:10] "GET /static/vendor/simple-line-icons/css/simple-line-icons.css HTTP/1.1" 304 0
[30/Nov/2017 13:15:10] "GET /static/https%3A/fonts.googleapis.com/css%3Ffamily%3DLato%3A300%2C400%2C700%2C300italic%2C400italic%2C700italic HTTP/1.1" 404 1882
[30/Nov/2017 13:15:10] "GET /static/vendor/font-awesome/css/font-awesome.min.css HTTP/1.1" 304 0
[30/Nov/2017 13:15:10] "GET /static/css/landing-page.min.css HTTP/1.1" 304 0
[30/Nov/2017 13:15:10] "GET /static/vendor/jquery/jquery.min.js HTTP/1.1" 304 0
[30/Nov/2017 13:15:10] "GET /static/img/testimonials-1.jpg HTTP/1.1" 304 0
[30/Nov/2017 13:15:10] "GET /static/vendor/bootstrap/js/bootstrap.bundle.min.js HTTP/1.1" 304 0
[30/Nov/2017 13:15:10] "GET /static/img/testimonials-2.jpg HTTP/1.1" 304 0
[30/Nov/2017 13:15:10] "GET /static/img/testimonials-3.jpg HTTP/1.1" 304 0
[30/Nov/2017 13:15:10] "GET /static/vendor/simple-line-icons/fonts/Simple-Line-Icons.woff2?v=2.4.0 HTTP/1.1" 304 0
[30/Nov/2017 13:15:10] "GET /static/vendor/font-awesome/fonts/fontawesome-webfont.woff2?v=4.7.0 HTTP/1.1" 304 0
[30/Nov/2017 13:15:10] "GET /static/img/bg-masthead.jpg HTTP/1.1" 304 0
[30/Nov/2017 13:15:10] "GET /static/img/bg-showcase-1.jpg HTTP/1.1" 304 0
[30/Nov/2017 13:15:10] "GET /static/img/bg-showcase-2.jpg HTTP/1.1" 304 0
[30/Nov/2017 13:15:10] "GET /static/img/bg-showcase-3.jpg HTTP/1.1" 304 0
[30/Nov/2017 13:15:29] "GET / HTTP/1.1" 200 9666
[30/Nov/2017 13:15:29] "GET /static/https%3A/fonts.googleapis.com/css%3Ffamily%3DLato%3A300%2C400%2C700%2C300italic%2C400italic%2C700italic HTTP/1.1" 404 1882
[30/Nov/2017 13:15:30] "GET / HTTP/1.1" 200 9666
[30/Nov/2017 13:15:30] "GET /static/https%3A/fonts.googleapis.com/css%3Ffamily%3DLato%3A300%2C400%2C700%2C300italic%2C400italic%2C700italic HTTP/1.1" 404 1882
[30/Nov/2017 13:15:34] "GET / HTTP/1.1" 200 9666
[30/Nov/2017 13:15:34] "GET /static/https%3A/fonts.googleapis.com/css%3Ffamily%3DLato%3A300%2C400%2C700%2C300italic%2C400italic%2C700italic HTTP/1.1" 404 1882
Performing system checks...

System check identified no issues (0 silenced).
November 30, 2017 - 13:07:57
Django version 1.11.7, using settings 'dkkim.settings'
Starting development server at http://0.0.0.0:33333/
Quit the server with CONTROL-C.
Performing system checks...

System check identified no issues (0 silenced).
November 30, 2017 - 13:17:31
Django version 1.11.7, using settings 'dkkim.settings'
Starting development server at http://0.0.0.0:33333/
Quit the server with CONTROL-C.
[30/Nov/2017 13:18:35] "GET /admin/ HTTP/1.1" 200 3426
[30/Nov/2017 13:18:35] "GET /static/admin/css/base.css HTTP/1.1" 304 0
[30/Nov/2017 13:18:35] "GET /static/admin/css/dashboard.css HTTP/1.1" 304 0
[30/Nov/2017 13:18:35] "GET /static/admin/css/fonts.css HTTP/1.1" 304 0
[30/Nov/2017 13:18:35] "GET /static/admin/fonts/Roboto-Light-webfont.woff HTTP/1.1" 304 0
[30/Nov/2017 13:18:35] "GET /static/admin/fonts/Roboto-Regular-webfont.woff HTTP/1.1" 304 0
[30/Nov/2017 13:18:35] "GET /static/admin/fonts/Roboto-Bold-webfont.woff HTTP/1.1" 304 0
[30/Nov/2017 13:18:35] "GET /static/admin/img/icon-addlink.svg HTTP/1.1" 304 0
[30/Nov/2017 13:18:35] "GET /static/admin/img/icon-changelink.svg HTTP/1.1" 304 0
[30/Nov/2017 13:18:36] "GET /admin/main/post/ HTTP/1.1" 200 3372
[30/Nov/2017 13:18:36] "GET /static/admin/css/changelists.css HTTP/1.1" 200 6170
[30/Nov/2017 13:18:36] "GET /static/admin/js/core.js HTTP/1.1" 200 7976
[30/Nov/2017 13:18:36] "GET /static/admin/js/jquery.init.js HTTP/1.1" 200 363
[30/Nov/2017 13:18:36] "GET /static/admin/js/admin/RelatedObjectLookups.js HTTP/1.1" 200 6591
[30/Nov/2017 13:18:36] "GET /admin/jsi18n/ HTTP/1.1" 200 8296
[30/Nov/2017 13:18:36] "GET /static/admin/js/urlify.js HTTP/1.1" 200 8186
[30/Nov/2017 13:18:36] "GET /static/admin/js/actions.js HTTP/1.1" 200 6501
[30/Nov/2017 13:18:36] "GET /static/admin/js/prepopulate.js HTTP/1.1" 200 1538
[30/Nov/2017 13:18:36] "GET /static/admin/js/vendor/jquery/jquery.js HTTP/1.1" 200 258648
[30/Nov/2017 13:18:36] "GET /static/admin/js/vendor/xregexp/xregexp.js HTTP/1.1" 200 128820
[30/Nov/2017 13:18:36] "GET /static/admin/img/search.svg HTTP/1.1" 200 458
[30/Nov/2017 13:18:36] "GET /static/admin/img/tooltag-add.svg HTTP/1.1" 200 331
[30/Nov/2017 13:18:43] "GET /admin/main/post/add/ HTTP/1.1" 200 5107
[30/Nov/2017 13:18:43] "GET /static/admin/css/forms.css HTTP/1.1" 200 8173
[30/Nov/2017 13:18:43] "GET /static/admin/js/prepopulate_init.js HTTP/1.1" 200 495
[30/Nov/2017 13:18:43] "GET /static/admin/js/change_form.js HTTP/1.1" 200 712
[30/Nov/2017 13:18:43] "GET /admin/jsi18n/ HTTP/1.1" 200 8296
[30/Nov/2017 13:18:43] "GET /static/admin/css/widgets.css HTTP/1.1" 200 10340
[30/Nov/2017 13:19:47] "POST /admin/main/post/add/ HTTP/1.1" 302 0
[30/Nov/2017 13:19:47] "GET /admin/main/post/ HTTP/1.1" 200 5226
[30/Nov/2017 13:19:47] "GET /admin/jsi18n/ HTTP/1.1" 200 8296
[30/Nov/2017 13:19:47] "GET /static/admin/img/icon-yes.svg HTTP/1.1" 200 436
Performing system checks...

System check identified no issues (0 silenced).
November 30, 2017 - 13:18:28
Django version 1.11.7, using settings 'dkkim.settings'
Starting development server at http://0.0.0.0:33333/
Quit the server with CONTROL-C.
Unhandled exception in thread started by <function check_errors.<locals>.wrapper at 0x7f951ceaf488>
Traceback (most recent call last):
  File "/home/bigh2000/public_html/v-dkkim/lib/python3.5/site-packages/django/utils/autoreload.py", line 228, in wrapper
    fn(*args, **kwargs)
  File "/home/bigh2000/public_html/v-dkkim/lib/python3.5/site-packages/django/core/management/commands/runserver.py", line 125, in inner_run
    self.check(display_num_errors=True)
  File "/home/bigh2000/public_html/v-dkkim/lib/python3.5/site-packages/django/core/management/base.py", line 359, in check
    include_deployment_checks=include_deployment_checks,
  File "/home/bigh2000/public_html/v-dkkim/lib/python3.5/site-packages/django/core/management/base.py", line 346, in _run_checks
    return checks.run_checks(**kwargs)
  File "/home/bigh2000/public_html/v-dkkim/lib/python3.5/site-packages/django/core/checks/registry.py", line 81, in run_checks
    new_errors = check(app_configs=app_configs)
  File "/home/bigh2000/public_html/v-dkkim/lib/python3.5/site-packages/django/core/checks/urls.py", line 16, in check_url_config
    return check_resolver(resolver)
  File "/home/bigh2000/public_html/v-dkkim/lib/python3.5/site-packages/django/core/checks/urls.py", line 26, in check_resolver
    return check_method()
  File "/home/bigh2000/public_html/v-dkkim/lib/python3.5/site-packages/django/urls/resolvers.py", line 254, in check
    for pattern in self.url_patterns:
  File "/home/bigh2000/public_html/v-dkkim/lib/python3.5/site-packages/django/utils/functional.py", line 35, in __get__
    res = instance.__dict__[self.name] = self.func(instance)
  File "/home/bigh2000/public_html/v-dkkim/lib/python3.5/site-packages/django/urls/resolvers.py", line 405, in url_patterns
    patterns = getattr(self.urlconf_module, "urlpatterns", self.urlconf_module)
  File "/home/bigh2000/public_html/v-dkkim/lib/python3.5/site-packages/django/utils/functional.py", line 35, in __get__
    res = instance.__dict__[self.name] = self.func(instance)
  File "/home/bigh2000/public_html/v-dkkim/lib/python3.5/site-packages/django/urls/resolvers.py", line 398, in urlconf_module
    return import_module(self.urlconf_name)
  File "/home/bigh2000/public_html/v-dkkim/lib/python3.5/importlib/__init__.py", line 126, in import_module
    return _bootstrap._gcd_import(name[level:], package, level)
  File "<frozen importlib._bootstrap>", line 986, in _gcd_import
  File "<frozen importlib._bootstrap>", line 969, in _find_and_load
  File "<frozen importlib._bootstrap>", line 958, in _find_and_load_unlocked
  File "<frozen importlib._bootstrap>", line 673, in _load_unlocked
  File "<frozen importlib._bootstrap_external>", line 665, in exec_module
  File "<frozen importlib._bootstrap>", line 222, in _call_with_frames_removed
  File "/home/bigh2000/public_html/v-dkkim/dkkim/dkkim/urls.py", line 18, in <module>
    from main.views import show_main, main_detail
ImportError: cannot import name 'main_detail'
Performing system checks...

Unhandled exception in thread started by <function check_errors.<locals>.wrapper at 0x7f5ee7d62488>
Traceback (most recent call last):
  File "/home/bigh2000/public_html/v-dkkim/lib/python3.5/site-packages/django/utils/autoreload.py", line 228, in wrapper
    fn(*args, **kwargs)
  File "/home/bigh2000/public_html/v-dkkim/lib/python3.5/site-packages/django/core/management/commands/runserver.py", line 125, in inner_run
    self.check(display_num_errors=True)
  File "/home/bigh2000/public_html/v-dkkim/lib/python3.5/site-packages/django/core/management/base.py", line 359, in check
    include_deployment_checks=include_deployment_checks,
  File "/home/bigh2000/public_html/v-dkkim/lib/python3.5/site-packages/django/core/management/base.py", line 346, in _run_checks
    return checks.run_checks(**kwargs)
  File "/home/bigh2000/public_html/v-dkkim/lib/python3.5/site-packages/django/core/checks/registry.py", line 81, in run_checks
    new_errors = check(app_configs=app_configs)
  File "/home/bigh2000/public_html/v-dkkim/lib/python3.5/site-packages/django/core/checks/urls.py", line 16, in check_url_config
    return check_resolver(resolver)
  File "/home/bigh2000/public_html/v-dkkim/lib/python3.5/site-packages/django/core/checks/urls.py", line 26, in check_resolver
    return check_method()
  File "/home/bigh2000/public_html/v-dkkim/lib/python3.5/site-packages/django/urls/resolvers.py", line 254, in check
    for pattern in self.url_patterns:
  File "/home/bigh2000/public_html/v-dkkim/lib/python3.5/site-packages/django/utils/functional.py", line 35, in __get__
    res = instance.__dict__[self.name] = self.func(instance)
  File "/home/bigh2000/public_html/v-dkkim/lib/python3.5/site-packages/django/urls/resolvers.py", line 405, in url_patterns
    patterns = getattr(self.urlconf_module, "urlpatterns", self.urlconf_module)
  File "/home/bigh2000/public_html/v-dkkim/lib/python3.5/site-packages/django/utils/functional.py", line 35, in __get__
    res = instance.__dict__[self.name] = self.func(instance)
  File "/home/bigh2000/public_html/v-dkkim/lib/python3.5/site-packages/django/urls/resolvers.py", line 398, in urlconf_module
    return import_module(self.urlconf_name)
  File "/home/bigh2000/public_html/v-dkkim/lib/python3.5/importlib/__init__.py", line 126, in import_module
    return _bootstrap._gcd_import(name[level:], package, level)
  File "<frozen importlib._bootstrap>", line 986, in _gcd_import
  File "<frozen importlib._bootstrap>", line 969, in _find_and_load
  File "<frozen importlib._bootstrap>", line 958, in _find_and_load_unlocked
  File "<frozen importlib._bootstrap>", line 673, in _load_unlocked
  File "<frozen importlib._bootstrap_external>", line 665, in exec_module
  File "<frozen importlib._bootstrap>", line 222, in _call_with_frames_removed
  File "/home/bigh2000/public_html/v-dkkim/dkkim/dkkim/urls.py", line 18, in <module>
    from main.views import show_main, main_detail
ImportError: cannot import name 'main_detail'
Performing system checks...

Unhandled exception in thread started by <function check_errors.<locals>.wrapper at 0x7f7e8ac75488>
Traceback (most recent call last):
  File "/home/bigh2000/public_html/v-dkkim/lib/python3.5/site-packages/django/utils/autoreload.py", line 228, in wrapper
    fn(*args, **kwargs)
  File "/home/bigh2000/public_html/v-dkkim/lib/python3.5/site-packages/django/core/management/commands/runserver.py", line 125, in inner_run
    self.check(display_num_errors=True)
  File "/home/bigh2000/public_html/v-dkkim/lib/python3.5/site-packages/django/core/management/base.py", line 359, in check
    include_deployment_checks=include_deployment_checks,
  File "/home/bigh2000/public_html/v-dkkim/lib/python3.5/site-packages/django/core/management/base.py", line 346, in _run_checks
    return checks.run_checks(**kwargs)
  File "/home/bigh2000/public_html/v-dkkim/lib/python3.5/site-packages/django/core/checks/registry.py", line 81, in run_checks
    new_errors = check(app_configs=app_configs)
  File "/home/bigh2000/public_html/v-dkkim/lib/python3.5/site-packages/django/core/checks/urls.py", line 16, in check_url_config
    return check_resolver(resolver)
  File "/home/bigh2000/public_html/v-dkkim/lib/python3.5/site-packages/django/core/checks/urls.py", line 26, in check_resolver
    return check_method()
  File "/home/bigh2000/public_html/v-dkkim/lib/python3.5/site-packages/django/urls/resolvers.py", line 254, in check
    for pattern in self.url_patterns:
  File "/home/bigh2000/public_html/v-dkkim/lib/python3.5/site-packages/django/utils/functional.py", line 35, in __get__
    res = instance.__dict__[self.name] = self.func(instance)
  File "/home/bigh2000/public_html/v-dkkim/lib/python3.5/site-packages/django/urls/resolvers.py", line 405, in url_patterns
    patterns = getattr(self.urlconf_module, "urlpatterns", self.urlconf_module)
  File "/home/bigh2000/public_html/v-dkkim/lib/python3.5/site-packages/django/utils/functional.py", line 35, in __get__
    res = instance.__dict__[self.name] = self.func(instance)
  File "/home/bigh2000/public_html/v-dkkim/lib/python3.5/site-packages/django/urls/resolvers.py", line 398, in urlconf_module
    return import_module(self.urlconf_name)
  File "/home/bigh2000/public_html/v-dkkim/lib/python3.5/importlib/__init__.py", line 126, in import_module
    return _bootstrap._gcd_import(name[level:], package, level)
  File "<frozen importlib._bootstrap>", line 986, in _gcd_import
  File "<frozen importlib._bootstrap>", line 969, in _find_and_load
  File "<frozen importlib._bootstrap>", line 958, in _find_and_load_unlocked
  File "<frozen importlib._bootstrap>", line 673, in _load_unlocked
  File "<frozen importlib._bootstrap_external>", line 665, in exec_module
  File "<frozen importlib._bootstrap>", line 222, in _call_with_frames_removed
  File "/home/bigh2000/public_html/v-dkkim/dkkim/dkkim/urls.py", line 18, in <module>
    from main.views import show_main, main_detail
ImportError: cannot import name 'main_detail'
Performing system checks...

Unhandled exception in thread started by <function check_errors.<locals>.wrapper at 0x7f235b6d9488>
Traceback (most recent call last):
  File "/home/bigh2000/public_html/v-dkkim/lib/python3.5/site-packages/django/utils/autoreload.py", line 228, in wrapper
    fn(*args, **kwargs)
  File "/home/bigh2000/public_html/v-dkkim/lib/python3.5/site-packages/django/core/management/commands/runserver.py", line 125, in inner_run
    self.check(display_num_errors=True)
  File "/home/bigh2000/public_html/v-dkkim/lib/python3.5/site-packages/django/core/management/base.py", line 359, in check
    include_deployment_checks=include_deployment_checks,
  File "/home/bigh2000/public_html/v-dkkim/lib/python3.5/site-packages/django/core/management/base.py", line 346, in _run_checks
    return checks.run_checks(**kwargs)
  File "/home/bigh2000/public_html/v-dkkim/lib/python3.5/site-packages/django/core/checks/registry.py", line 81, in run_checks
    new_errors = check(app_configs=app_configs)
  File "/home/bigh2000/public_html/v-dkkim/lib/python3.5/site-packages/django/core/checks/urls.py", line 16, in check_url_config
    return check_resolver(resolver)
  File "/home/bigh2000/public_html/v-dkkim/lib/python3.5/site-packages/django/core/checks/urls.py", line 26, in check_resolver
    return check_method()
  File "/home/bigh2000/public_html/v-dkkim/lib/python3.5/site-packages/django/urls/resolvers.py", line 254, in check
    for pattern in self.url_patterns:
  File "/home/bigh2000/public_html/v-dkkim/lib/python3.5/site-packages/django/utils/functional.py", line 35, in __get__
    res = instance.__dict__[self.name] = self.func(instance)
  File "/home/bigh2000/public_html/v-dkkim/lib/python3.5/site-packages/django/urls/resolvers.py", line 405, in url_patterns
    patterns = getattr(self.urlconf_module, "urlpatterns", self.urlconf_module)
  File "/home/bigh2000/public_html/v-dkkim/lib/python3.5/site-packages/django/utils/functional.py", line 35, in __get__
    res = instance.__dict__[self.name] = self.func(instance)
  File "/home/bigh2000/public_html/v-dkkim/lib/python3.5/site-packages/django/urls/resolvers.py", line 398, in urlconf_module
    return import_module(self.urlconf_name)
  File "/home/bigh2000/public_html/v-dkkim/lib/python3.5/importlib/__init__.py", line 126, in import_module
    return _bootstrap._gcd_import(name[level:], package, level)
  File "<frozen importlib._bootstrap>", line 986, in _gcd_import
  File "<frozen importlib._bootstrap>", line 969, in _find_and_load
  File "<frozen importlib._bootstrap>", line 958, in _find_and_load_unlocked
  File "<frozen importlib._bootstrap>", line 673, in _load_unlocked
  File "<frozen importlib._bootstrap_external>", line 665, in exec_module
  File "<frozen importlib._bootstrap>", line 222, in _call_with_frames_removed
  File "/home/bigh2000/public_html/v-dkkim/dkkim/dkkim/urls.py", line 18, in <module>
    from main.views import show_main, main_detail
ImportError: cannot import name 'main_detail'
Performing system checks...

[30/Nov/2017 13:23:51] "GET / HTTP/1.1" 200 10405
[30/Nov/2017 13:23:51] "GET /static/vendor/simple-line-icons/css/simple-line-icons.css HTTP/1.1" 304 0
[30/Nov/2017 13:23:51] "GET /static/css/landing-page.min.css HTTP/1.1" 304 0
[30/Nov/2017 13:23:51] "GET /static/vendor/bootstrap/css/bootstrap.min.css HTTP/1.1" 304 0
[30/Nov/2017 13:23:51] "GET /static/vendor/font-awesome/css/font-awesome.min.css HTTP/1.1" 304 0
[30/Nov/2017 13:23:51] "GET /static/https%3A/fonts.googleapis.com/css%3Ffamily%3DLato%3A300%2C400%2C700%2C300italic%2C400italic%2C700italic HTTP/1.1" 404 1882
[30/Nov/2017 13:23:51] "GET /static/vendor/jquery/jquery.min.js HTTP/1.1" 304 0
[30/Nov/2017 13:23:51] "GET /static/vendor/bootstrap/js/bootstrap.bundle.min.js HTTP/1.1" 304 0
[30/Nov/2017 13:23:51] "GET /static/img/testimonials-1.jpg HTTP/1.1" 304 0
[30/Nov/2017 13:23:51] "GET /static/img/testimonials-2.jpg HTTP/1.1" 304 0
[30/Nov/2017 13:23:51] "GET /static/img/testimonials-3.jpg HTTP/1.1" 304 0
[30/Nov/2017 13:23:51] "GET /static/vendor/simple-line-icons/fonts/Simple-Line-Icons.woff2?v=2.4.0 HTTP/1.1" 304 0
[30/Nov/2017 13:23:51] "GET /static/vendor/font-awesome/fonts/fontawesome-webfont.woff2?v=4.7.0 HTTP/1.1" 304 0
[30/Nov/2017 13:23:51] "GET /static/img/bg-showcase-1.jpg HTTP/1.1" 304 0
[30/Nov/2017 13:23:51] "GET /static/img/bg-showcase-3.jpg HTTP/1.1" 304 0
[30/Nov/2017 13:23:51] "GET /static/img/bg-masthead.jpg HTTP/1.1" 304 0
[30/Nov/2017 13:23:51] "GET /static/img/bg-showcase-2.jpg HTTP/1.1" 304 0
[30/Nov/2017 13:23:54] "GET /1/ HTTP/1.1" 200 63
